[INFO][01:28:51] Created a temporary directory at /scratch-local/ssommers.2839172/tmpuw6996ji
[INFO][01:28:51] Writing /scratch-local/ssommers.2839172/tmpuw6996ji/_remote_module_non_scriptable.py
folds found! :)
Traceback (most recent call last):
  File "/home/ssommers/.local/lib/python3.9/site-packages/pandas/core/nanops.py", line 1692, in _ensure_numeric
    x = float(x)
ValueError: could not convert string to float: 'LIDC-IDRI-0121LIDC-IDRI-0131LIDC-IDRI-0139LIDC-IDRI-0139LIDC-IDRI-0139LIDC-IDRI-0144LIDC-IDRI-0144LIDC-IDRI-0148LIDC-IDRI-0148LIDC-IDRI-0148LIDC-IDRI-0153LIDC-IDRI-0160LIDC-IDRI-0160LIDC-IDRI-0163LIDC-IDRI-0169LIDC-IDRI-0170LIDC-IDRI-0170LIDC-IDRI-0172LIDC-IDRI-0179LIDC-IDRI-0181LIDC-IDRI-0181LIDC-IDRI-0181LIDC-IDRI-0181LIDC-IDRI-0181LIDC-IDRI-0183LIDC-IDRI-0186LIDC-IDRI-0186LIDC-IDRI-0186LIDC-IDRI-0187LIDC-IDRI-0187LIDC-IDRI-0190LIDC-IDRI-0190LIDC-IDRI-0191LIDC-IDRI-0194LIDC-IDRI-0195LIDC-IDRI-0195LIDC-IDRI-0195LIDC-IDRI-0195LIDC-IDRI-0196LIDC-IDRI-0199LIDC-IDRI-0199LIDC-IDRI-0204LIDC-IDRI-0207LIDC-IDRI-0212LIDC-IDRI-0215LIDC-IDRI-0215LIDC-IDRI-0221LIDC-IDRI-0222LIDC-IDRI-0229LIDC-IDRI-0229LIDC-IDRI-0229LIDC-IDRI-0229LIDC-IDRI-0230LIDC-IDRI-0232LIDC-IDRI-0235LIDC-IDRI-0235LIDC-IDRI-0236LIDC-IDRI-0240LIDC-IDRI-0240LIDC-IDRI-0242LIDC-IDRI-0248LIDC-IDRI-0250LIDC-IDRI-0250LIDC-IDRI-0250LIDC-IDRI-0252LIDC-IDRI-0256LIDC-IDRI-0256LIDC-IDRI-0259LIDC-IDRI-0260LIDC-IDRI-0260LIDC-IDRI-0264LIDC-IDRI-0264LIDC-IDRI-0268LIDC-IDRI-0272LIDC-IDRI-0275LIDC-IDRI-0276LIDC-IDRI-0277LIDC-IDRI-0281LIDC-IDRI-0284LIDC-IDRI-0290LIDC-IDRI-0294LIDC-IDRI-0297LIDC-IDRI-0298LIDC-IDRI-0298LIDC-IDRI-0299LIDC-IDRI-0299LIDC-IDRI-0300LIDC-IDRI-0300LIDC-IDRI-0300LIDC-IDRI-0305LIDC-IDRI-0308LIDC-IDRI-0308LIDC-IDRI-0309LIDC-IDRI-0309LIDC-IDRI-0312LIDC-IDRI-0312LIDC-IDRI-0312LIDC-IDRI-0318LIDC-IDRI-0325LIDC-IDRI-0332LIDC-IDRI-0332LIDC-IDRI-0339LIDC-IDRI-0343LIDC-IDRI-0344LIDC-IDRI-0348LIDC-IDRI-0350LIDC-IDRI-0352LIDC-IDRI-0356LIDC-IDRI-0357LIDC-IDRI-0358LIDC-IDRI-0358LIDC-IDRI-0358LIDC-IDRI-0358LIDC-IDRI-0367LIDC-IDRI-0369LIDC-IDRI-0372LIDC-IDRI-0374LIDC-IDRI-0375LIDC-IDRI-0375LIDC-IDRI-0376LIDC-IDRI-0377LIDC-IDRI-0377LIDC-IDRI-0380LIDC-IDRI-0385LIDC-IDRI-0386LIDC-IDRI-0386LIDC-IDRI-0386LIDC-IDRI-0388LIDC-IDRI-0388LIDC-IDRI-0388LIDC-IDRI-0388LIDC-IDRI-0392LIDC-IDRI-0399LIDC-IDRI-0399LIDC-IDRI-0400LIDC-IDRI-0402LIDC-IDRI-0402LIDC-IDRI-0403LIDC-IDRI-0404LIDC-IDRI-0404LIDC-IDRI-0405LIDC-IDRI-0406LIDC-IDRI-0407LIDC-IDRI-0407LIDC-IDRI-0407LIDC-IDRI-0409LIDC-IDRI-0411LIDC-IDRI-0411LIDC-IDRI-0412LIDC-IDRI-0412LIDC-IDRI-0413LIDC-IDRI-0413LIDC-IDRI-0419LIDC-IDRI-0419LIDC-IDRI-0427LIDC-IDRI-0427LIDC-IDRI-0427LIDC-IDRI-0427LIDC-IDRI-0429LIDC-IDRI-0430LIDC-IDRI-0431LIDC-IDRI-0432LIDC-IDRI-0437LIDC-IDRI-0437LIDC-IDRI-0440LIDC-IDRI-0440LIDC-IDRI-0445LIDC-IDRI-0447LIDC-IDRI-0447LIDC-IDRI-0447LIDC-IDRI-0447LIDC-IDRI-0450LIDC-IDRI-0450LIDC-IDRI-0450LIDC-IDRI-0451LIDC-IDRI-0452LIDC-IDRI-0454LIDC-IDRI-0458LIDC-IDRI-0459LIDC-IDRI-0459LIDC-IDRI-0459LIDC-IDRI-0459LIDC-IDRI-0460LIDC-IDRI-0462LIDC-IDRI-0462LIDC-IDRI-0464LIDC-IDRI-0466LIDC-IDRI-0466LIDC-IDRI-0466LIDC-IDRI-0466LIDC-IDRI-0467LIDC-IDRI-0470LIDC-IDRI-0470LIDC-IDRI-0473LIDC-IDRI-0473LIDC-IDRI-0476LIDC-IDRI-0476LIDC-IDRI-0476LIDC-IDRI-0477LIDC-IDRI-0477LIDC-IDRI-0477LIDC-IDRI-0477LIDC-IDRI-0478LIDC-IDRI-0481LIDC-IDRI-0481LIDC-IDRI-0481LIDC-IDRI-0481LIDC-IDRI-0485LIDC-IDRI-0488LIDC-IDRI-0488LIDC-IDRI-0489LIDC-IDRI-0489LIDC-IDRI-0489LIDC-IDRI-0491LIDC-IDRI-0491LIDC-IDRI-0491LIDC-IDRI-0491LIDC-IDRI-0491LIDC-IDRI-0491LIDC-IDRI-0491LIDC-IDRI-0491LIDC-IDRI-0491LIDC-IDRI-0492LIDC-IDRI-0494LIDC-IDRI-0494LIDC-IDRI-0495LIDC-IDRI-0496LIDC-IDRI-0496LIDC-IDRI-0497LIDC-IDRI-0507LIDC-IDRI-0516LIDC-IDRI-0523LIDC-IDRI-0523LIDC-IDRI-0524LIDC-IDRI-0524LIDC-IDRI-0524LIDC-IDRI-0524LIDC-IDRI-0525LIDC-IDRI-0529LIDC-IDRI-0530LIDC-IDRI-0530LIDC-IDRI-0530LIDC-IDRI-0532LIDC-IDRI-0535LIDC-IDRI-0535LIDC-IDRI-0535LIDC-IDRI-0537LIDC-IDRI-0542LIDC-IDRI-0542LIDC-IDRI-0542LIDC-IDRI-0546LIDC-IDRI-0547LIDC-IDRI-0547LIDC-IDRI-0549LIDC-IDRI-0549LIDC-IDRI-0557LIDC-IDRI-0559LIDC-IDRI-0559LIDC-IDRI-0562LIDC-IDRI-0565LIDC-IDRI-0565LIDC-IDRI-0569LIDC-IDRI-0571LIDC-IDRI-0571LIDC-IDRI-0575LIDC-IDRI-0576LIDC-IDRI-0578LIDC-IDRI-0581LIDC-IDRI-0582LIDC-IDRI-0582LIDC-IDRI-0582LIDC-IDRI-0582LIDC-IDRI-0582LIDC-IDRI-0582LIDC-IDRI-0583LIDC-IDRI-0583LIDC-IDRI-0583LIDC-IDRI-0583LIDC-IDRI-0587LIDC-IDRI-0594LIDC-IDRI-0594LIDC-IDRI-0598LIDC-IDRI-0599LIDC-IDRI-0599LIDC-IDRI-0602LIDC-IDRI-0602LIDC-IDRI-0606LIDC-IDRI-0607LIDC-IDRI-0608LIDC-IDRI-0608LIDC-IDRI-0608LIDC-IDRI-0608LIDC-IDRI-0610LIDC-IDRI-0613LIDC-IDRI-0614LIDC-IDRI-0615LIDC-IDRI-0615LIDC-IDRI-0615LIDC-IDRI-0617LIDC-IDRI-0617LIDC-IDRI-0617LIDC-IDRI-0619LIDC-IDRI-0619LIDC-IDRI-0621LIDC-IDRI-0630LIDC-IDRI-0634LIDC-IDRI-0638LIDC-IDRI-0641LIDC-IDRI-0641LIDC-IDRI-0641LIDC-IDRI-0641LIDC-IDRI-0641LIDC-IDRI-0641LIDC-IDRI-0643LIDC-IDRI-0645LIDC-IDRI-0655LIDC-IDRI-0655LIDC-IDRI-0655LIDC-IDRI-0659LIDC-IDRI-0662LIDC-IDRI-0662LIDC-IDRI-0664LIDC-IDRI-0666LIDC-IDRI-0666LIDC-IDRI-0666LIDC-IDRI-0670LIDC-IDRI-0673LIDC-IDRI-0674LIDC-IDRI-0674LIDC-IDRI-0677LIDC-IDRI-0688LIDC-IDRI-0688LIDC-IDRI-0688LIDC-IDRI-0693LIDC-IDRI-0700LIDC-IDRI-0702LIDC-IDRI-0702LIDC-IDRI-0702LIDC-IDRI-0704LIDC-IDRI-0705LIDC-IDRI-0708LIDC-IDRI-0708LIDC-IDRI-0715LIDC-IDRI-0717LIDC-IDRI-0717LIDC-IDRI-0727LIDC-IDRI-0727LIDC-IDRI-0732LIDC-IDRI-0732LIDC-IDRI-0733LIDC-IDRI-0733LIDC-IDRI-0733LIDC-IDRI-0740LIDC-IDRI-0748LIDC-IDRI-0748LIDC-IDRI-0748LIDC-IDRI-0748LIDC-IDRI-0748LIDC-IDRI-0757LIDC-IDRI-0757LIDC-IDRI-0759LIDC-IDRI-0759LIDC-IDRI-0762LIDC-IDRI-0762LIDC-IDRI-0763LIDC-IDRI-0765LIDC-IDRI-0767LIDC-IDRI-0771LIDC-IDRI-0772LIDC-IDRI-0772LIDC-IDRI-0775LIDC-IDRI-0775LIDC-IDRI-0775LIDC-IDRI-0775LIDC-IDRI-0775LIDC-IDRI-0776LIDC-IDRI-0776LIDC-IDRI-0776LIDC-IDRI-0777LIDC-IDRI-0777LIDC-IDRI-0777LIDC-IDRI-0780LIDC-IDRI-0780LIDC-IDRI-0787LIDC-IDRI-0788LIDC-IDRI-0791LIDC-IDRI-0794LIDC-IDRI-0797LIDC-IDRI-0799LIDC-IDRI-0800LIDC-IDRI-0801LIDC-IDRI-0801LIDC-IDRI-0802LIDC-IDRI-0806LIDC-IDRI-0807LIDC-IDRI-0807LIDC-IDRI-0807LIDC-IDRI-0807LIDC-IDRI-0807LIDC-IDRI-0807LIDC-IDRI-0814LIDC-IDRI-0818LIDC-IDRI-0819LIDC-IDRI-0819LIDC-IDRI-0822LIDC-IDRI-0822LIDC-IDRI-0822LIDC-IDRI-0822LIDC-IDRI-0822LIDC-IDRI-0824LIDC-IDRI-0824LIDC-IDRI-0825LIDC-IDRI-0827LIDC-IDRI-0827LIDC-IDRI-0827LIDC-IDRI-0829LIDC-IDRI-0830LIDC-IDRI-0830LIDC-IDRI-0831LIDC-IDRI-0832LIDC-IDRI-0834LIDC-IDRI-0834LIDC-IDRI-0835LIDC-IDRI-0842LIDC-IDRI-0845LIDC-IDRI-0849LIDC-IDRI-0849LIDC-IDRI-0849LIDC-IDRI-0849LIDC-IDRI-0849LIDC-IDRI-0851LIDC-IDRI-0854LIDC-IDRI-0854LIDC-IDRI-0854LIDC-IDRI-0856LIDC-IDRI-0857LIDC-IDRI-0857LIDC-IDRI-0860LIDC-IDRI-0860LIDC-IDRI-0864LIDC-IDRI-0864LIDC-IDRI-0865LIDC-IDRI-0867LIDC-IDRI-0869LIDC-IDRI-0870LIDC-IDRI-0875LIDC-IDRI-0875LIDC-IDRI-0879LIDC-IDRI-0879LIDC-IDRI-0879LIDC-IDRI-0879LIDC-IDRI-0879LIDC-IDRI-0880LIDC-IDRI-0882LIDC-IDRI-0883LIDC-IDRI-0883LIDC-IDRI-0883LIDC-IDRI-0884LIDC-IDRI-0884LIDC-IDRI-0890LIDC-IDRI-0893LIDC-IDRI-0893LIDC-IDRI-0894LIDC-IDRI-0898LIDC-IDRI-0899LIDC-IDRI-0905LIDC-IDRI-0906LIDC-IDRI-0906LIDC-IDRI-0906LIDC-IDRI-0908LIDC-IDRI-0911LIDC-IDRI-0912LIDC-IDRI-0912LIDC-IDRI-0913LIDC-IDRI-0913LIDC-IDRI-0914LIDC-IDRI-0917LIDC-IDRI-0917LIDC-IDRI-0919LIDC-IDRI-0921LIDC-IDRI-0921LIDC-IDRI-0921LIDC-IDRI-0921LIDC-IDRI-0922LIDC-IDRI-0923LIDC-IDRI-0929LIDC-IDRI-0933LIDC-IDRI-0933LIDC-IDRI-0936LIDC-IDRI-0936LIDC-IDRI-0939LIDC-IDRI-0939LIDC-IDRI-0939LIDC-IDRI-0940LIDC-IDRI-0940LIDC-IDRI-0942LIDC-IDRI-0942LIDC-IDRI-0942LIDC-IDRI-0942LIDC-IDRI-0950LIDC-IDRI-0951LIDC-IDRI-0951LIDC-IDRI-0951LIDC-IDRI-0951LIDC-IDRI-0956LIDC-IDRI-0956LIDC-IDRI-0963LIDC-IDRI-0965LIDC-IDRI-0966LIDC-IDRI-0966LIDC-IDRI-0976LIDC-IDRI-0976LIDC-IDRI-0976LIDC-IDRI-0978LIDC-IDRI-0978LIDC-IDRI-0978LIDC-IDRI-0978LIDC-IDRI-0982LIDC-IDRI-0982LIDC-IDRI-0985LIDC-IDRI-0987LIDC-IDRI-0987LIDC-IDRI-0987LIDC-IDRI-0997LIDC-IDRI-0997LIDC-IDRI-0997LIDC-IDRI-0997LIDC-IDRI-1002LIDC-IDRI-1002LIDC-IDRI-1003LIDC-IDRI-1003LIDC-IDRI-1004LIDC-IDRI-1004LIDC-IDRI-1005LIDC-IDRI-1005LIDC-IDRI-1007LIDC-IDRI-1007LIDC-IDRI-1009LIDC-IDRI-1012'

During handling of the above exception, another exception occurred:

Traceback (most recent call last):
  File "/home/ssommers/.local/lib/python3.9/site-packages/pandas/core/nanops.py", line 1696, in _ensure_numeric
    x = complex(x)
ValueError: complex() arg is a malformed string

The above exception was the direct cause of the following exception:

Traceback (most recent call last):
  File "/scratch-shared/ssommers/train-kieran4.py", line 392, in <module>
    nodule_analyzer.train(model)
  File "/scratch-shared/ssommers/train-kieran4.py", line 261, in train
    self._initialize_data_loaders()
  File "/scratch-shared/ssommers/train-kieran4.py", line 194, in _initialize_data_loaders
    self.train_loader, self.train_mean, self.train_std = dataloader.get_data_loader(
  File "/gpfs/scratch1/shared/ssommers/dataloaderDuplicate3.py", line 421, in get_data_loader
    dataset_original.dataset, train_mean, train_std = normalization(dataset_original.dataset)
  File "/gpfs/scratch1/shared/ssommers/dataloaderDuplicate3.py", line 65, in normalization
    mean.append(np.mean(x_train.iloc[:,feature])) # array of mean value per feature 
  File "<__array_function__ internals>", line 200, in mean
  File "/home/ssommers/.local/lib/python3.9/site-packages/numpy/core/fromnumeric.py", line 3462, in mean
    return mean(axis=axis, dtype=dtype, out=out, **kwargs)
  File "/home/ssommers/.local/lib/python3.9/site-packages/pandas/core/generic.py", line 11556, in mean
    return NDFrame.mean(self, axis, skipna, numeric_only, **kwargs)
  File "/home/ssommers/.local/lib/python3.9/site-packages/pandas/core/generic.py", line 11201, in mean
    return self._stat_function(
  File "/home/ssommers/.local/lib/python3.9/site-packages/pandas/core/generic.py", line 11158, in _stat_function
    return self._reduce(
  File "/home/ssommers/.local/lib/python3.9/site-packages/pandas/core/series.py", line 4666, in _reduce
    return op(delegate, skipna=skipna, **kwds)
  File "/home/ssommers/.local/lib/python3.9/site-packages/pandas/core/nanops.py", line 96, in _f
    return f(*args, **kwargs)
  File "/home/ssommers/.local/lib/python3.9/site-packages/pandas/core/nanops.py", line 158, in f
    result = alt(values, axis=axis, skipna=skipna, **kwds)
  File "/home/ssommers/.local/lib/python3.9/site-packages/pandas/core/nanops.py", line 421, in new_func
    result = func(values, axis=axis, skipna=skipna, mask=mask, **kwargs)
  File "/home/ssommers/.local/lib/python3.9/site-packages/pandas/core/nanops.py", line 727, in nanmean
    the_sum = _ensure_numeric(values.sum(axis, dtype=dtype_sum))
  File "/home/ssommers/.local/lib/python3.9/site-packages/pandas/core/nanops.py", line 1699, in _ensure_numeric
    raise TypeError(f"Could not convert {x} to numeric") from err
TypeError: Could not convert LIDC-IDRI-0121LIDC-IDRI-0131LIDC-IDRI-0139LIDC-IDRI-0139LIDC-IDRI-0139LIDC-IDRI-0144LIDC-IDRI-0144LIDC-IDRI-0148LIDC-IDRI-0148LIDC-IDRI-0148LIDC-IDRI-0153LIDC-IDRI-0160LIDC-IDRI-0160LIDC-IDRI-0163LIDC-IDRI-0169LIDC-IDRI-0170LIDC-IDRI-0170LIDC-IDRI-0172LIDC-IDRI-0179LIDC-IDRI-0181LIDC-IDRI-0181LIDC-IDRI-0181LIDC-IDRI-0181LIDC-IDRI-0181LIDC-IDRI-0183LIDC-IDRI-0186LIDC-IDRI-0186LIDC-IDRI-0186LIDC-IDRI-0187LIDC-IDRI-0187LIDC-IDRI-0190LIDC-IDRI-0190LIDC-IDRI-0191LIDC-IDRI-0194LIDC-IDRI-0195LIDC-IDRI-0195LIDC-IDRI-0195LIDC-IDRI-0195LIDC-IDRI-0196LIDC-IDRI-0199LIDC-IDRI-0199LIDC-IDRI-0204LIDC-IDRI-0207LIDC-IDRI-0212LIDC-IDRI-0215LIDC-IDRI-0215LIDC-IDRI-0221LIDC-IDRI-0222LIDC-IDRI-0229LIDC-IDRI-0229LIDC-IDRI-0229LIDC-IDRI-0229LIDC-IDRI-0230LIDC-IDRI-0232LIDC-IDRI-0235LIDC-IDRI-0235LIDC-IDRI-0236LIDC-IDRI-0240LIDC-IDRI-0240LIDC-IDRI-0242LIDC-IDRI-0248LIDC-IDRI-0250LIDC-IDRI-0250LIDC-IDRI-0250LIDC-IDRI-0252LIDC-IDRI-0256LIDC-IDRI-0256LIDC-IDRI-0259LIDC-IDRI-0260LIDC-IDRI-0260LIDC-IDRI-0264LIDC-IDRI-0264LIDC-IDRI-0268LIDC-IDRI-0272LIDC-IDRI-0275LIDC-IDRI-0276LIDC-IDRI-0277LIDC-IDRI-0281LIDC-IDRI-0284LIDC-IDRI-0290LIDC-IDRI-0294LIDC-IDRI-0297LIDC-IDRI-0298LIDC-IDRI-0298LIDC-IDRI-0299LIDC-IDRI-0299LIDC-IDRI-0300LIDC-IDRI-0300LIDC-IDRI-0300LIDC-IDRI-0305LIDC-IDRI-0308LIDC-IDRI-0308LIDC-IDRI-0309LIDC-IDRI-0309LIDC-IDRI-0312LIDC-IDRI-0312LIDC-IDRI-0312LIDC-IDRI-0318LIDC-IDRI-0325LIDC-IDRI-0332LIDC-IDRI-0332LIDC-IDRI-0339LIDC-IDRI-0343LIDC-IDRI-0344LIDC-IDRI-0348LIDC-IDRI-0350LIDC-IDRI-0352LIDC-IDRI-0356LIDC-IDRI-0357LIDC-IDRI-0358LIDC-IDRI-0358LIDC-IDRI-0358LIDC-IDRI-0358LIDC-IDRI-0367LIDC-IDRI-0369LIDC-IDRI-0372LIDC-IDRI-0374LIDC-IDRI-0375LIDC-IDRI-0375LIDC-IDRI-0376LIDC-IDRI-0377LIDC-IDRI-0377LIDC-IDRI-0380LIDC-IDRI-0385LIDC-IDRI-0386LIDC-IDRI-0386LIDC-IDRI-0386LIDC-IDRI-0388LIDC-IDRI-0388LIDC-IDRI-0388LIDC-IDRI-0388LIDC-IDRI-0392LIDC-IDRI-0399LIDC-IDRI-0399LIDC-IDRI-0400LIDC-IDRI-0402LIDC-IDRI-0402LIDC-IDRI-0403LIDC-IDRI-0404LIDC-IDRI-0404LIDC-IDRI-0405LIDC-IDRI-0406LIDC-IDRI-0407LIDC-IDRI-0407LIDC-IDRI-0407LIDC-IDRI-0409LIDC-IDRI-0411LIDC-IDRI-0411LIDC-IDRI-0412LIDC-IDRI-0412LIDC-IDRI-0413LIDC-IDRI-0413LIDC-IDRI-0419LIDC-IDRI-0419LIDC-IDRI-0427LIDC-IDRI-0427LIDC-IDRI-0427LIDC-IDRI-0427LIDC-IDRI-0429LIDC-IDRI-0430LIDC-IDRI-0431LIDC-IDRI-0432LIDC-IDRI-0437LIDC-IDRI-0437LIDC-IDRI-0440LIDC-IDRI-0440LIDC-IDRI-0445LIDC-IDRI-0447LIDC-IDRI-0447LIDC-IDRI-0447LIDC-IDRI-0447LIDC-IDRI-0450LIDC-IDRI-0450LIDC-IDRI-0450LIDC-IDRI-0451LIDC-IDRI-0452LIDC-IDRI-0454LIDC-IDRI-0458LIDC-IDRI-0459LIDC-IDRI-0459LIDC-IDRI-0459LIDC-IDRI-0459LIDC-IDRI-0460LIDC-IDRI-0462LIDC-IDRI-0462LIDC-IDRI-0464LIDC-IDRI-0466LIDC-IDRI-0466LIDC-IDRI-0466LIDC-IDRI-0466LIDC-IDRI-0467LIDC-IDRI-0470LIDC-IDRI-0470LIDC-IDRI-0473LIDC-IDRI-0473LIDC-IDRI-0476LIDC-IDRI-0476LIDC-IDRI-0476LIDC-IDRI-0477LIDC-IDRI-0477LIDC-IDRI-0477LIDC-IDRI-0477LIDC-IDRI-0478LIDC-IDRI-0481LIDC-IDRI-0481LIDC-IDRI-0481LIDC-IDRI-0481LIDC-IDRI-0485LIDC-IDRI-0488LIDC-IDRI-0488LIDC-IDRI-0489LIDC-IDRI-0489LIDC-IDRI-0489LIDC-IDRI-0491LIDC-IDRI-0491LIDC-IDRI-0491LIDC-IDRI-0491LIDC-IDRI-0491LIDC-IDRI-0491LIDC-IDRI-0491LIDC-IDRI-0491LIDC-IDRI-0491LIDC-IDRI-0492LIDC-IDRI-0494LIDC-IDRI-0494LIDC-IDRI-0495LIDC-IDRI-0496LIDC-IDRI-0496LIDC-IDRI-0497LIDC-IDRI-0507LIDC-IDRI-0516LIDC-IDRI-0523LIDC-IDRI-0523LIDC-IDRI-0524LIDC-IDRI-0524LIDC-IDRI-0524LIDC-IDRI-0524LIDC-IDRI-0525LIDC-IDRI-0529LIDC-IDRI-0530LIDC-IDRI-0530LIDC-IDRI-0530LIDC-IDRI-0532LIDC-IDRI-0535LIDC-IDRI-0535LIDC-IDRI-0535LIDC-IDRI-0537LIDC-IDRI-0542LIDC-IDRI-0542LIDC-IDRI-0542LIDC-IDRI-0546LIDC-IDRI-0547LIDC-IDRI-0547LIDC-IDRI-0549LIDC-IDRI-0549LIDC-IDRI-0557LIDC-IDRI-0559LIDC-IDRI-0559LIDC-IDRI-0562LIDC-IDRI-0565LIDC-IDRI-0565LIDC-IDRI-0569LIDC-IDRI-0571LIDC-IDRI-0571LIDC-IDRI-0575LIDC-IDRI-0576LIDC-IDRI-0578LIDC-IDRI-0581LIDC-IDRI-0582LIDC-IDRI-0582LIDC-IDRI-0582LIDC-IDRI-0582LIDC-IDRI-0582LIDC-IDRI-0582LIDC-IDRI-0583LIDC-IDRI-0583LIDC-IDRI-0583LIDC-IDRI-0583LIDC-IDRI-0587LIDC-IDRI-0594LIDC-IDRI-0594LIDC-IDRI-0598LIDC-IDRI-0599LIDC-IDRI-0599LIDC-IDRI-0602LIDC-IDRI-0602LIDC-IDRI-0606LIDC-IDRI-0607LIDC-IDRI-0608LIDC-IDRI-0608LIDC-IDRI-0608LIDC-IDRI-0608LIDC-IDRI-0610LIDC-IDRI-0613LIDC-IDRI-0614LIDC-IDRI-0615LIDC-IDRI-0615LIDC-IDRI-0615LIDC-IDRI-0617LIDC-IDRI-0617LIDC-IDRI-0617LIDC-IDRI-0619LIDC-IDRI-0619LIDC-IDRI-0621LIDC-IDRI-0630LIDC-IDRI-0634LIDC-IDRI-0638LIDC-IDRI-0641LIDC-IDRI-0641LIDC-IDRI-0641LIDC-IDRI-0641LIDC-IDRI-0641LIDC-IDRI-0641LIDC-IDRI-0643LIDC-IDRI-0645LIDC-IDRI-0655LIDC-IDRI-0655LIDC-IDRI-0655LIDC-IDRI-0659LIDC-IDRI-0662LIDC-IDRI-0662LIDC-IDRI-0664LIDC-IDRI-0666LIDC-IDRI-0666LIDC-IDRI-0666LIDC-IDRI-0670LIDC-IDRI-0673LIDC-IDRI-0674LIDC-IDRI-0674LIDC-IDRI-0677LIDC-IDRI-0688LIDC-IDRI-0688LIDC-IDRI-0688LIDC-IDRI-0693LIDC-IDRI-0700LIDC-IDRI-0702LIDC-IDRI-0702LIDC-IDRI-0702LIDC-IDRI-0704LIDC-IDRI-0705LIDC-IDRI-0708LIDC-IDRI-0708LIDC-IDRI-0715LIDC-IDRI-0717LIDC-IDRI-0717LIDC-IDRI-0727LIDC-IDRI-0727LIDC-IDRI-0732LIDC-IDRI-0732LIDC-IDRI-0733LIDC-IDRI-0733LIDC-IDRI-0733LIDC-IDRI-0740LIDC-IDRI-0748LIDC-IDRI-0748LIDC-IDRI-0748LIDC-IDRI-0748LIDC-IDRI-0748LIDC-IDRI-0757LIDC-IDRI-0757LIDC-IDRI-0759LIDC-IDRI-0759LIDC-IDRI-0762LIDC-IDRI-0762LIDC-IDRI-0763LIDC-IDRI-0765LIDC-IDRI-0767LIDC-IDRI-0771LIDC-IDRI-0772LIDC-IDRI-0772LIDC-IDRI-0775LIDC-IDRI-0775LIDC-IDRI-0775LIDC-IDRI-0775LIDC-IDRI-0775LIDC-IDRI-0776LIDC-IDRI-0776LIDC-IDRI-0776LIDC-IDRI-0777LIDC-IDRI-0777LIDC-IDRI-0777LIDC-IDRI-0780LIDC-IDRI-0780LIDC-IDRI-0787LIDC-IDRI-0788LIDC-IDRI-0791LIDC-IDRI-0794LIDC-IDRI-0797LIDC-IDRI-0799LIDC-IDRI-0800LIDC-IDRI-0801LIDC-IDRI-0801LIDC-IDRI-0802LIDC-IDRI-0806LIDC-IDRI-0807LIDC-IDRI-0807LIDC-IDRI-0807LIDC-IDRI-0807LIDC-IDRI-0807LIDC-IDRI-0807LIDC-IDRI-0814LIDC-IDRI-0818LIDC-IDRI-0819LIDC-IDRI-0819LIDC-IDRI-0822LIDC-IDRI-0822LIDC-IDRI-0822LIDC-IDRI-0822LIDC-IDRI-0822LIDC-IDRI-0824LIDC-IDRI-0824LIDC-IDRI-0825LIDC-IDRI-0827LIDC-IDRI-0827LIDC-IDRI-0827LIDC-IDRI-0829LIDC-IDRI-0830LIDC-IDRI-0830LIDC-IDRI-0831LIDC-IDRI-0832LIDC-IDRI-0834LIDC-IDRI-0834LIDC-IDRI-0835LIDC-IDRI-0842LIDC-IDRI-0845LIDC-IDRI-0849LIDC-IDRI-0849LIDC-IDRI-0849LIDC-IDRI-0849LIDC-IDRI-0849LIDC-IDRI-0851LIDC-IDRI-0854LIDC-IDRI-0854LIDC-IDRI-0854LIDC-IDRI-0856LIDC-IDRI-0857LIDC-IDRI-0857LIDC-IDRI-0860LIDC-IDRI-0860LIDC-IDRI-0864LIDC-IDRI-0864LIDC-IDRI-0865LIDC-IDRI-0867LIDC-IDRI-0869LIDC-IDRI-0870LIDC-IDRI-0875LIDC-IDRI-0875LIDC-IDRI-0879LIDC-IDRI-0879LIDC-IDRI-0879LIDC-IDRI-0879LIDC-IDRI-0879LIDC-IDRI-0880LIDC-IDRI-0882LIDC-IDRI-0883LIDC-IDRI-0883LIDC-IDRI-0883LIDC-IDRI-0884LIDC-IDRI-0884LIDC-IDRI-0890LIDC-IDRI-0893LIDC-IDRI-0893LIDC-IDRI-0894LIDC-IDRI-0898LIDC-IDRI-0899LIDC-IDRI-0905LIDC-IDRI-0906LIDC-IDRI-0906LIDC-IDRI-0906LIDC-IDRI-0908LIDC-IDRI-0911LIDC-IDRI-0912LIDC-IDRI-0912LIDC-IDRI-0913LIDC-IDRI-0913LIDC-IDRI-0914LIDC-IDRI-0917LIDC-IDRI-0917LIDC-IDRI-0919LIDC-IDRI-0921LIDC-IDRI-0921LIDC-IDRI-0921LIDC-IDRI-0921LIDC-IDRI-0922LIDC-IDRI-0923LIDC-IDRI-0929LIDC-IDRI-0933LIDC-IDRI-0933LIDC-IDRI-0936LIDC-IDRI-0936LIDC-IDRI-0939LIDC-IDRI-0939LIDC-IDRI-0939LIDC-IDRI-0940LIDC-IDRI-0940LIDC-IDRI-0942LIDC-IDRI-0942LIDC-IDRI-0942LIDC-IDRI-0942LIDC-IDRI-0950LIDC-IDRI-0951LIDC-IDRI-0951LIDC-IDRI-0951LIDC-IDRI-0951LIDC-IDRI-0956LIDC-IDRI-0956LIDC-IDRI-0963LIDC-IDRI-0965LIDC-IDRI-0966LIDC-IDRI-0966LIDC-IDRI-0976LIDC-IDRI-0976LIDC-IDRI-0976LIDC-IDRI-0978LIDC-IDRI-0978LIDC-IDRI-0978LIDC-IDRI-0978LIDC-IDRI-0982LIDC-IDRI-0982LIDC-IDRI-0985LIDC-IDRI-0987LIDC-IDRI-0987LIDC-IDRI-0987LIDC-IDRI-0997LIDC-IDRI-0997LIDC-IDRI-0997LIDC-IDRI-0997LIDC-IDRI-1002LIDC-IDRI-1002LIDC-IDRI-1003LIDC-IDRI-1003LIDC-IDRI-1004LIDC-IDRI-1004LIDC-IDRI-1005LIDC-IDRI-1005LIDC-IDRI-1007LIDC-IDRI-1007LIDC-IDRI-1009LIDC-IDRI-1012 to numeric

JOB STATISTICS
==============
Job ID: 2839172
Cluster: snellius
User/Group: ssommers/ssommers
State: RUNNING
Nodes: 1
Cores per node: 18
CPU Utilized: 00:00:00
CPU Efficiency: 0.00% of 00:45:18 core-walltime
Job Wall-clock time: 00:02:31
Memory Utilized: 0.00 MB (estimated maximum)
Memory Efficiency: 0.00% of 64.00 GB (64.00 GB/node)
WARNING: Efficiency statistics may be misleading for RUNNING jobs.
