[INFO][12:08:34] Created a temporary directory at /scratch-local/ssommers.2839036/tmpayqp1qo1
[INFO][12:08:34] Writing /scratch-local/ssommers.2839036/tmpayqp1qo1/_remote_module_non_scriptable.py
folds found! :)
(539, 9)
Traceback (most recent call last):
  File "/home/ssommers/.local/lib/python3.9/site-packages/pandas/core/indexes/base.py", line 3652, in get_loc
    return self._engine.get_loc(casted_key)
  File "pandas/_libs/index.pyx", line 147, in pandas._libs.index.IndexEngine.get_loc
  File "pandas/_libs/index.pyx", line 176, in pandas._libs.index.IndexEngine.get_loc
  File "pandas/_libs/hashtable_class_helper.pxi", line 7080, in pandas._libs.hashtable.PyObjectHashTable.get_item
  File "pandas/_libs/hashtable_class_helper.pxi", line 7088, in pandas._libs.hashtable.PyObjectHashTable.get_item
KeyError: 0

The above exception was the direct cause of the following exception:

Traceback (most recent call last):
  File "/scratch-shared/ssommers/train-kieran3.py", line 391, in <module>
    nodule_analyzer.train(model)
  File "/scratch-shared/ssommers/train-kieran3.py", line 260, in train
    self._initialize_data_loaders()
  File "/scratch-shared/ssommers/train-kieran3.py", line 193, in _initialize_data_loaders
    self.train_loader, self.train_mean, self.train_std = dataloader.get_data_loader(
  File "/gpfs/scratch1/shared/ssommers/dataloaderDuplicate2.py", line 425, in get_data_loader
    dataset_original.dataset, train_mean, train_std = normalization(dataset_original.dataset)
  File "/gpfs/scratch1/shared/ssommers/dataloaderDuplicate2.py", line 61, in normalization
    for feature in range(0,len(x_train[0])):
  File "/home/ssommers/.local/lib/python3.9/site-packages/pandas/core/frame.py", line 3761, in __getitem__
    indexer = self.columns.get_loc(key)
  File "/home/ssommers/.local/lib/python3.9/site-packages/pandas/core/indexes/base.py", line 3654, in get_loc
    raise KeyError(key) from err
KeyError: 0

JOB STATISTICS
==============
Job ID: 2839036
Cluster: snellius
User/Group: ssommers/ssommers
State: COMPLETED (exit code 0)
Nodes: 1
Cores per node: 18
CPU Utilized: 00:00:21
CPU Efficiency: 0.54% of 01:04:48 core-walltime
Job Wall-clock time: 00:03:36
Memory Utilized: 446.49 MB
Memory Efficiency: 0.68% of 64.00 GB
